TN:
SF:/home/erick/Desktop/IE0417/laboratorio-testing/src/calculator.cpp
FN:12,14,_Z8multiplyii
FN:16,22,_Z6divideii
FN:24,26,_Z7is_eveni
FN:4,6,_Z3addii
FN:8,10,_Z8subtractii
FNDA:1,_Z8multiplyii
FNDA:5,_Z6divideii
FNDA:3,_Z7is_eveni
FNDA:15,_Z3addii
FNDA:1,_Z8subtractii
FNF:5
FNH:5
DA:4,15
DA:5,15
DA:8,1
DA:9,1
DA:12,1
DA:13,1
DA:16,5
DA:17,5
DA:18,1
DA:21,4
DA:24,3
DA:25,3
LF:12
LH:12
end_of_record
TN:
SF:/home/erick/Desktop/IE0417/laboratorio-testing/src/grade_utils.cpp
FN:19,21,_Z10is_passingi
FN:23,45,_Z12letter_gradei
FN:5,17,_Z7averageRKSt6vectorIiSaIiEE
FNDA:2,_Z10is_passingi
FNDA:17,_Z12letter_gradei
FNDA:2,_Z7averageRKSt6vectorIiSaIiEE
FNF:3
FNH:3
DA:5,2
DA:6,2
DA:7,1
DA:10,1
DA:12,4
DA:13,3
DA:16,1
DA:19,2
DA:20,2
DA:23,17
DA:24,17
DA:25,2
DA:28,15
DA:29,3
DA:32,12
DA:33,3
DA:36,9
DA:37,3
DA:40,6
DA:41,3
DA:44,3
LF:21
LH:21
end_of_record
TN:
SF:/home/erick/Desktop/IE0417/laboratorio-testing/src/string_utils.cpp
FN:15,28,_Z13is_palindromeRKNSt7__cxx1112basic_stringIcSt11char_traitsIcESaIcEEE
FN:30,42,_Z12count_vowelsRKNSt7__cxx1112basic_stringIcSt11char_traitsIcESaIcEEE
FN:5,13,_Z12to_uppercaseRKNSt7__cxx1112basic_stringIcSt11char_traitsIcESaIcEEE
FNDA:5,_Z13is_palindromeRKNSt7__cxx1112basic_stringIcSt11char_traitsIcESaIcEEE
FNDA:2,_Z12count_vowelsRKNSt7__cxx1112basic_stringIcSt11char_traitsIcESaIcEEE
FNDA:3,_Z12to_uppercaseRKNSt7__cxx1112basic_stringIcSt11char_traitsIcESaIcEEE
FNF:3
FNH:3
DA:5,3
DA:6,3
DA:8,14
DA:9,11
DA:12,3
DA:15,5
DA:16,5
DA:18,37
DA:19,32
DA:20,29
DA:24,5
DA:25,5
DA:27,10
DA:28,5
DA:30,2
DA:31,2
DA:33,15
DA:34,13
DA:36,13
DA:37,5
DA:41,2
LF:21
LH:21
end_of_record
TN:
SF:/usr/include/c++/13/bits/allocator.h
FNF:0
FNH:0
LF:0
LH:0
end_of_record
TN:
SF:/usr/include/c++/13/bits/basic_string.h
FN:3710,3716,_ZSteqIcSt11char_traitsIcESaIcEEbRKNSt7__cxx1112basic_stringIT_T0_T1_EESA_
FNDA:5,_ZSteqIcSt11char_traitsIcESaIcEEbRKNSt7__cxx1112basic_stringIT_T0_T1_EESA_
FNF:1
FNH:1
DA:355,0
DA:3710,5
DA:3714,5
DA:3715,5
LF:4
LH:3
end_of_record
TN:
SF:/usr/include/c++/13/bits/basic_string.tcc
FN:221,252,_ZNSt7__cxx1112basic_stringIcSt11char_traitsIcESaIcEE12_M_constructIPcEEvT_S7_St20forward_iterator_tag
FN:239,239,_ZZNSt7__cxx1112basic_stringIcSt11char_traitsIcESaIcEE12_M_constructIPcEEvT_S7_St20forward_iterator_tagEN6_GuardC2EPS4_
FN:242,242,_ZZNSt7__cxx1112basic_stringIcSt11char_traitsIcESaIcEE12_M_constructIPcEEvT_S7_St20forward_iterator_tagEN6_GuardD2Ev
FNDA:0,_ZNSt7__cxx1112basic_stringIcSt11char_traitsIcESaIcEE12_M_constructIPcEEvT_S7_St20forward_iterator_tag
FNDA:0,_ZZNSt7__cxx1112basic_stringIcSt11char_traitsIcESaIcEE12_M_constructIPcEEvT_S7_St20forward_iterator_tagEN6_GuardC2EPS4_
FNDA:0,_ZZNSt7__cxx1112basic_stringIcSt11char_traitsIcESaIcEE12_M_constructIPcEEvT_S7_St20forward_iterator_tagEN6_GuardD2Ev
FNF:3
FNH:0
DA:221,0
DA:225,0
DA:227,0
DA:229,0
DA:230,0
DA:239,0
DA:242,0
DA:245,0
DA:247,0
DA:249,0
DA:251,0
DA:252,0
LF:12
LH:0
end_of_record
TN:
SF:/usr/include/c++/13/bits/char_traits.h
FN:366,371,_ZNSt11char_traitsIcE2ltERKcS2_
FN:374,390,_ZNSt11char_traitsIcE7compareEPKcS2_m
FNDA:0,_ZNSt11char_traitsIcE2ltERKcS2_
FNDA:0,_ZNSt11char_traitsIcE7compareEPKcS2_m
FNF:2
FNH:0
DA:366,0
DA:369,0
DA:370,0
DA:374,0
DA:376,0
DA:377,0
DA:379,0
DA:381,0
DA:382,0
DA:383,0
DA:384,0
DA:385,0
DA:386,0
DA:389,0
LF:14
LH:0
end_of_record
TN:
SF:/usr/include/c++/13/bits/move.h
FN:189,200,_ZSt4swapIcENSt9enable_ifIXsrSt6__and_IJSt6__not_ISt15__is_tuple_likeIT_EESt21is_move_constructibleIS4_ESt18is_move_assignableIS4_EEE5valueEvE4typeERS4_SE_
FN:97,98,_ZSt4moveIRSaIcEEONSt16remove_referenceIT_E4typeEOS3_
FN:97,98,_ZSt4moveIRcEONSt16remove_referenceIT_E4typeEOS2_
FNDA:13,_ZSt4swapIcENSt9enable_ifIXsrSt6__and_IJSt6__not_ISt15__is_tuple_likeIT_EESt21is_move_constructibleIS4_ESt18is_move_assignableIS4_EEE5valueEvE4typeERS4_SE_
FNDA:0,_ZSt4moveIRSaIcEEONSt16remove_referenceIT_E4typeEOS3_
FNDA:39,_ZSt4moveIRcEONSt16remove_referenceIT_E4typeEOS2_
FNF:3
FNH:2
DA:97,39
DA:98,39
DA:189,13
DA:197,13
DA:198,13
DA:199,13
DA:200,13
LF:7
LH:7
end_of_record
TN:
SF:/usr/include/c++/13/bits/new_allocator.h
FN:104,104,_ZNSt15__new_allocatorIcED2Ev
FNDA:0,_ZNSt15__new_allocatorIcED2Ev
FNF:1
FNH:0
DA:104,0
LF:1
LH:0
end_of_record
TN:
SF:/usr/include/c++/13/bits/stl_algo.h
FN:1102,1114,_ZSt9__reverseIN9__gnu_cxx17__normal_iteratorIPcNSt7__cxx1112basic_stringIcSt11char_traitsIcESaIcEEEEEEvT_SA_St26random_access_iterator_tag
FN:1131,1138,_ZSt7reverseIN9__gnu_cxx17__normal_iteratorIPcNSt7__cxx1112basic_stringIcSt11char_traitsIcESaIcEEEEEEvT_SA_
FNDA:5,_ZSt9__reverseIN9__gnu_cxx17__normal_iteratorIPcNSt7__cxx1112basic_stringIcSt11char_traitsIcESaIcEEEEEEvT_SA_St26random_access_iterator_tag
FNDA:5,_ZSt7reverseIN9__gnu_cxx17__normal_iteratorIPcNSt7__cxx1112basic_stringIcSt11char_traitsIcESaIcEEEEEEvT_SA_
FNF:2
FNH:2
DA:1102,5
DA:1105,5
DA:1106,1
DA:1107,4
DA:1108,17
DA:1110,13
DA:1111,13
DA:1112,13
DA:1131,5
DA:1137,5
DA:1138,5
LF:11
LH:11
end_of_record
TN:
SF:/usr/include/c++/13/bits/stl_algobase.h
FN:155,187,_ZSt9iter_swapIN9__gnu_cxx17__normal_iteratorIPcNSt7__cxx1112basic_stringIcSt11char_traitsIcESaIcEEEEES9_EvT_T0_
FNDA:13,_ZSt9iter_swapIN9__gnu_cxx17__normal_iteratorIPcNSt7__cxx1112basic_stringIcSt11char_traitsIcESaIcEEEEES9_EvT_T0_
FNF:1
FNH:1
DA:155,13
DA:185,13
DA:187,13
LF:3
LH:3
end_of_record
TN:
SF:/usr/include/c++/13/bits/stl_iterator.h
FN:1076,1077,_ZN9__gnu_cxx17__normal_iteratorIPKiSt6vectorIiSaIiEEEC2ERKS2_
FN:1099,1100,_ZNK9__gnu_cxx17__normal_iteratorIPKcNSt7__cxx1112basic_stringIcSt11char_traitsIcESaIcEEEEdeEv
FN:1099,1100,_ZNK9__gnu_cxx17__normal_iteratorIPKiSt6vectorIiSaIiEEEdeEv
FN:1099,1100,_ZNK9__gnu_cxx17__normal_iteratorIPcNSt7__cxx1112basic_stringIcSt11char_traitsIcESaIcEEEEdeEv
FN:1109,1113,_ZN9__gnu_cxx17__normal_iteratorIPKcNSt7__cxx1112basic_stringIcSt11char_traitsIcESaIcEEEEppEv
FN:1109,1113,_ZN9__gnu_cxx17__normal_iteratorIPKiSt6vectorIiSaIiEEEppEv
FN:1109,1113,_ZN9__gnu_cxx17__normal_iteratorIPcNSt7__cxx1112basic_stringIcSt11char_traitsIcESaIcEEEEppEv
FN:1123,1127,_ZN9__gnu_cxx17__normal_iteratorIPcNSt7__cxx1112basic_stringIcSt11char_traitsIcESaIcEEEEmmEv
FN:1162,1163,_ZNK9__gnu_cxx17__normal_iteratorIPKcNSt7__cxx1112basic_stringIcSt11char_traitsIcESaIcEEEE4baseEv
FN:1162,1163,_ZNK9__gnu_cxx17__normal_iteratorIPKiSt6vectorIiSaIiEEE4baseEv
FN:1162,1163,_ZNK9__gnu_cxx17__normal_iteratorIPcNSt7__cxx1112basic_stringIcSt11char_traitsIcESaIcEEEE4baseEv
FN:1225,1228,_ZN9__gnu_cxxeqIPKiSt6vectorIiSaIiEEEEbRKNS_17__normal_iteratorIT_T0_EESB_
FN:1225,1228,_ZN9__gnu_cxxeqIPcNSt7__cxx1112basic_stringIcSt11char_traitsIcESaIcEEEEEbRKNS_17__normal_iteratorIT_T0_EESD_
FN:1241,1244,_ZN9__gnu_cxxneIPKcNSt7__cxx1112basic_stringIcSt11char_traitsIcESaIcEEEEEbRKNS_17__normal_iteratorIT_T0_EESE_
FN:1241,1244,_ZN9__gnu_cxxneIPKiSt6vectorIiSaIiEEEEbRKNS_17__normal_iteratorIT_T0_EESB_
FN:1241,1244,_ZN9__gnu_cxxneIPcNSt7__cxx1112basic_stringIcSt11char_traitsIcESaIcEEEEEbRKNS_17__normal_iteratorIT_T0_EESD_
FN:1258,1261,_ZN9__gnu_cxxltIPcNSt7__cxx1112basic_stringIcSt11char_traitsIcESaIcEEEEEbRKNS_17__normal_iteratorIT_T0_EESD_
FNDA:6,_ZN9__gnu_cxx17__normal_iteratorIPKiSt6vectorIiSaIiEEEC2ERKS2_
FNDA:81,_ZNK9__gnu_cxx17__normal_iteratorIPKcNSt7__cxx1112basic_stringIcSt11char_traitsIcESaIcEEEEdeEv
FNDA:3,_ZNK9__gnu_cxx17__normal_iteratorIPKiSt6vectorIiSaIiEEEdeEv
FNDA:255,_ZNK9__gnu_cxx17__normal_iteratorIPcNSt7__cxx1112basic_stringIcSt11char_traitsIcESaIcEEEEdeEv
FNDA:63,_ZN9__gnu_cxx17__normal_iteratorIPKcNSt7__cxx1112basic_stringIcSt11char_traitsIcESaIcEEEEppEv
FNDA:3,_ZN9__gnu_cxx17__normal_iteratorIPKiSt6vectorIiSaIiEEEppEv
FNDA:128,_ZN9__gnu_cxx17__normal_iteratorIPcNSt7__cxx1112basic_stringIcSt11char_traitsIcESaIcEEEEppEv
FNDA:17,_ZN9__gnu_cxx17__normal_iteratorIPcNSt7__cxx1112basic_stringIcSt11char_traitsIcESaIcEEEEmmEv
FNDA:184,_ZNK9__gnu_cxx17__normal_iteratorIPKcNSt7__cxx1112basic_stringIcSt11char_traitsIcESaIcEEEE4baseEv
FNDA:12,_ZNK9__gnu_cxx17__normal_iteratorIPKiSt6vectorIiSaIiEEE4baseEv
FNDA:312,_ZNK9__gnu_cxx17__normal_iteratorIPcNSt7__cxx1112basic_stringIcSt11char_traitsIcESaIcEEEE4baseEv
FNDA:2,_ZN9__gnu_cxxeqIPKiSt6vectorIiSaIiEEEEbRKNS_17__normal_iteratorIT_T0_EESB_
FNDA:17,_ZN9__gnu_cxxeqIPcNSt7__cxx1112basic_stringIcSt11char_traitsIcESaIcEEEEEbRKNS_17__normal_iteratorIT_T0_EESD_
FNDA:52,_ZN9__gnu_cxxneIPKcNSt7__cxx1112basic_stringIcSt11char_traitsIcESaIcEEEEEbRKNS_17__normal_iteratorIT_T0_EESE_
FNDA:4,_ZN9__gnu_cxxneIPKiSt6vectorIiSaIiEEEEbRKNS_17__normal_iteratorIT_T0_EESB_
FNDA:120,_ZN9__gnu_cxxneIPcNSt7__cxx1112basic_stringIcSt11char_traitsIcESaIcEEEEEbRKNS_17__normal_iteratorIT_T0_EESD_
FNDA:17,_ZN9__gnu_cxxltIPcNSt7__cxx1112basic_stringIcSt11char_traitsIcESaIcEEEEEbRKNS_17__normal_iteratorIT_T0_EESD_
FNF:17
FNH:17
DA:1076,6
DA:1077,6
DA:1099,339
DA:1100,339
DA:1109,194
DA:1111,194
DA:1112,194
DA:1123,17
DA:1125,17
DA:1126,17
DA:1162,508
DA:1163,508
DA:1225,19
DA:1228,19
DA:1241,176
DA:1244,176
DA:1258,17
DA:1261,17
LF:18
LH:18
end_of_record
TN:
SF:/usr/include/c++/13/bits/stl_iterator_base_funcs.h
FNF:0
FNH:0
DA:106,0
DA:151,0
DA:152,0
LF:3
LH:0
end_of_record
TN:
SF:/usr/include/c++/13/bits/stl_iterator_base_types.h
FNF:0
FNH:0
DA:240,5
LF:1
LH:1
end_of_record
TN:
SF:/usr/include/c++/13/bits/stl_vector.h
FN:1088,1089,_ZNKSt6vectorIiSaIiEE5emptyEv
FN:883,884,_ZNKSt6vectorIiSaIiEE5beginEv
FN:903,904,_ZNKSt6vectorIiSaIiEE3endEv
FN:992,993,_ZNKSt6vectorIiSaIiEE4sizeEv
FNDA:2,_ZNKSt6vectorIiSaIiEE5emptyEv
FNDA:3,_ZNKSt6vectorIiSaIiEE5beginEv
FNDA:3,_ZNKSt6vectorIiSaIiEE3endEv
FNDA:329,_ZNKSt6vectorIiSaIiEE4sizeEv
FNF:4
FNH:4
DA:883,3
DA:884,3
DA:903,3
DA:904,3
DA:992,329
DA:993,329
DA:1088,2
DA:1089,2
LF:8
LH:8
end_of_record
TN:
SF:/usr/include/x86_64-linux-gnu/c++/13/bits/c++config.h
FN:540,551,_ZSt23__is_constant_evaluatedv
FNDA:0,_ZSt23__is_constant_evaluatedv
FNF:1
FNH:0
DA:540,0
DA:547,0
LF:2
LH:0
end_of_record
